[2026-05-30 22:39:40] 🔴 SELL ZONE - BTC/USD 5m | RSI: 58.53 | Price: 73921.9 | Check: Higher timeframe downtrend + PP/R1
[2026-05-30 22:39:42] 🔴 SELL ZONE - BTC/USD 15m | RSI: 57.23 | Price: 73921.9 | Check: Higher timeframe downtrend + PP/R1
[2026-05-30 22:39:44] 🔴 SELL ZONE - BTC/USD 4h | RSI: 58.79 | Price: 73927.3 | Check: Higher timeframe downtrend + PP/R1
[2026-05-30 22:39:45] 🔴 SELL ZONE - ETH/USD 5m | RSI: 59.32 | Price: 2024.2 | Check: Higher timeframe downtrend + PP/R1
[2026-05-30 22:39:46] 🔵 BUY ZONE - ETH/USD 15m | RSI: 49.05 | Price: 2024.2 | Check: Higher timeframe uptrend + PP/S1
[2026-05-30 22:41:57] 🔵 BUY ZONE - BTC/USD 5m | RSI: 48.89 | Price: 73919.9 | Check: Higher timeframe uptrend + PP/S1
[2026-05-30 22:44:19] 🔵 BUY ZONE - ETH/USD 5m | RSI: 47.89 | Price: 2023.41 | Check: Higher timeframe uptrend + PP/S1
[2026-05-30 22:45:29] 🔴 SELL ZONE - ETH/USD 15m | RSI: 55.41 | Price: 2024.78 | Check: Higher timeframe downtrend + PP/R1
[2026-05-30 22:46:31] 🔴 SELL ZONE - BTC/USD 5m | RSI: 53.53 | Price: 73958.7 | Check: Higher timeframe downtrend + PP/R1
[2026-05-30 22:46:36] 🔴 SELL ZONE - ETH/USD 5m | RSI: 52.55 | Price: 2025.62 | Check: Higher timeframe downtrend + PP/R1
[2026-05-30 22:46:56] 🔴 SELL ZONE - BTC/USD 5m | RSI: 53.50 | Price: 73958.4 | Check: Higher timeframe downtrend + PP/R1
[2026-05-30 22:46:59] 🔴 SELL ZONE - BTC/USD 4h | RSI: 59.20 | Price: 73958.3 | Check: Higher timeframe downtrend + PP/R1
[2026-05-30 22:47:01] 🔴 SELL ZONE - ETH/USD 5m | RSI: 52.70 | Price: 2025.66 | Check: Higher timeframe downtrend + PP/R1
[2026-05-30 22:47:02] 🔴 SELL ZONE - ETH/USD 15m | RSI: 57.36 | Price: 2025.66 | Check: Higher timeframe downtrend + PP/R1
[2026-05-30 22:47:10] 🔴 SELL ZONE - LINK/USD 5m | RSI: 57.98 | Price: 9.2486 | Check: Higher timeframe downtrend + PP/R1
[2026-05-30 22:47:16] 🔵 BUY ZONE - CRV/USD 5m | RSI: 40.91 | Price: 0.2159 | Check: Higher timeframe uptrend + PP/S1
[2026-05-30 22:47:16] 🔴 SELL ZONE - CRV/USD 15m | RSI: 53.66 | Price: 0.2159 | Check: Higher timeframe downtrend + PP/R1
[2026-05-30 22:47:17] 🔵 BUY ZONE - CRV/USD 1h | RSI: 48.00 | Price: 0.2159 | Check: Higher timeframe uptrend + PP/S1
[2026-05-30 22:50:03] 🔴 SELL ZONE - CRV/USD 1h | RSI: 52.17 | Price: 0.2163 | Check: Higher timeframe downtrend + PP/R1
[2026-05-30 22:51:04] 🔵 BUY ZONE - BTC/USD 5m | RSI: 46.25 | Price: 73946.7 | Check: Higher timeframe uptrend + PP/S1
[2026-05-30 22:51:09] 🔵 BUY ZONE - ETH/USD 5m | RSI: 48.61 | Price: 2025.67 | Check: Higher timeframe uptrend + PP/S1
[2026-05-30 22:55:18] 🔴 SELL ZONE - ETH/USD 5m | RSI: 52.89 | Price: 2025.88 | Check: Higher timeframe downtrend + PP/R1
[2026-05-30 23:00:46] 🔴 SELL ZONE - BTC/USD 15m | RSI: 56.43 | Price: 73904.8 | Check: Higher timeframe downtrend + PP/R1
[2026-05-30 23:04:58] 🔵 BUY ZONE - ETH/USD 5m | RSI: 49.91 | Price: 2024.34 | Check: Higher timeframe uptrend + PP/S1
[2026-05-30 23:05:03] 🔴 SELL ZONE - BNB/USD 5m | RSI: 58.25 | Price: 720.27 | Check: Higher timeframe downtrend + PP/R1
[2026-05-30 23:05:08] 🔵 BUY ZONE - LINK/USD 5m | RSI: 49.61 | Price: 9.24242 | Check: Higher timeframe uptrend + PP/S1
[2026-05-30 23:05:09] 🔴 SELL ZONE - LINK/USD 15m | RSI: 58.33 | Price: 9.24242 | Check: Higher timeframe downtrend + PP/R1
[2026-05-30 23:07:44] 🔴 SELL ZONE - ETH/USD 5m | RSI: 53.69 | Price: 2025.5 | Check: Higher timeframe downtrend + PP/R1
[2026-05-30 23:07:54] 🔴 SELL ZONE - LINK/USD 5m | RSI: 51.53 | Price: 9.24711 | Check: Higher timeframe downtrend + PP/R1
[2026-05-30 23:19:37] 🔴 SELL ZONE - ADA/USDT 15m | RSI: 58.16 | Price: 0.237179 | Check: Higher timeframe downtrend + PP/R1
[2026-05-30 23:19:41] 🔴 SELL ZONE - ALGO/USDT 5m | RSI: 59.07 | Price: 0.12868 | Check: Higher timeframe downtrend + PP/R1
[2026-05-30 23:19:45] 🔴 SELL ZONE - ALGO/USDT 1h | RSI: 52.32 | Price: 0.12868 | Check: Higher timeframe downtrend + PP/R1
[2026-05-30 23:19:47] 🔴 SELL ZONE - ATOM/USDT 15m | RSI: 51.29 | Price: 2.0488 | Check: Higher timeframe downtrend + PP/R1
[2026-05-30 23:19:51] 🔴 SELL ZONE - ATOM/USDT 4h | RSI: 54.39 | Price: 2.0488 | Check: Higher timeframe downtrend + PP/R1
[2026-05-30 23:19:55] 🔴 SELL ZONE - AVAX/USDT 4h | RSI: 58.44 | Price: 8.98 | Check: Higher timeframe downtrend + PP/R1
[2026-05-30 23:20:01] 🔴 SELL ZONE - BNB/USDT 5m | RSI: 55.27 | Price: 718.91 | Check: Higher timeframe downtrend + PP/R1
[2026-05-30 23:20:05] 🔵 BUY ZONE - BTC/USDT 5m | RSI: 41.08 | Price: 73969.3 | Check: Higher timeframe uptrend + PP/S1
[2026-05-30 23:20:07] 🔴 SELL ZONE - BTC/USDT 15m | RSI: 53.49 | Price: 73969.3 | Check: Higher timeframe downtrend + PP/R1
[2026-05-30 23:20:12] 🔵 BUY ZONE - DOGE/USDT 15m | RSI: 43.71 | Price: 0.10134 | Check: Higher timeframe uptrend + PP/S1
[2026-05-30 23:20:13] 🔴 SELL ZONE - DOGE/USDT 1h | RSI: 51.79 | Price: 0.10134 | Check: Higher timeframe downtrend + PP/R1
[2026-05-30 23:20:16] 🔴 SELL ZONE - DOT/USDT 15m | RSI: 57.87 | Price: 1.1973 | Check: Higher timeframe downtrend + PP/R1
[2026-05-30 23:20:17] 🔵 BUY ZONE - DOT/USDT 1h | RSI: 43.41 | Price: 1.1973 | Check: Higher timeframe uptrend + PP/S1
[2026-05-30 23:20:19] 🔵 BUY ZONE - DOT/USDT 4h | RSI: 49.57 | Price: 1.1973 | Check: Higher timeframe uptrend + PP/S1
[2026-05-30 23:20:22] 🔴 SELL ZONE - ETH/USDT 15m | RSI: 53.59 | Price: 2028.53 | Check: Higher timeframe downtrend + PP/R1
[2026-05-30 23:20:38] 🔵 BUY ZONE - FARTCOIN/USDT 15m | RSI: 42.86 | Price: 0.1616 | Check: Higher timeframe uptrend + PP/S1
[2026-05-30 23:20:39] 🔴 SELL ZONE - FARTCOIN/USDT 1h | RSI: 57.89 | Price: 0.1616 | Check: Higher timeframe downtrend + PP/R1
[2026-05-30 23:20:39] 🔴 SELL ZONE - FARTCOIN/USDT 4h | RSI: 55.95 | Price: 0.1616 | Check: Higher timeframe downtrend + PP/R1
[2026-05-30 23:20:41] 🔵 BUY ZONE - LINK/USDT 5m | RSI: 48.56 | Price: 9.25624 | Check: Higher timeframe uptrend + PP/S1
[2026-05-30 23:20:50] 🔴 SELL ZONE - LTC/USDT 1h | RSI: 56.85 | Price: 52.53815 | Check: Higher timeframe downtrend + PP/R1
[2026-05-30 23:20:55] 🔴 SELL ZONE - PENGU/USDT 15m | RSI: 55.56 | Price: 0.00805 | Check: Higher timeframe downtrend + PP/R1
[2026-05-30 23:20:57] 🔴 SELL ZONE - PENGU/USDT 1h | RSI: 56.85 | Price: 0.00805 | Check: Higher timeframe downtrend + PP/R1
[2026-05-30 23:21:03] 🔴 SELL ZONE - S/USDT 4h | RSI: 57.69 | Price: 0.0406 | Check: Higher timeframe downtrend + PP/R1
[2026-05-30 23:21:10] 🔴 SELL ZONE - SOL/USDT 15m | RSI: 57.89 | Price: 83.02 | Check: Higher timeframe downtrend + PP/R1
[2026-05-30 23:21:15] 🔵 BUY ZONE - TON/USDT 15m | RSI: 41.38 | Price: 1.827 | Check: Higher timeframe uptrend + PP/S1
[2026-05-30 23:21:21] 🔵 BUY ZONE - TRUMP/USDT 1h | RSI: 41.54 | Price: 2.016 | Check: Higher timeframe uptrend + PP/S1
[2026-05-30 23:21:25] 🔴 SELL ZONE - VIRTUAL/USDT 15m | RSI: 54.63 | Price: 0.7294 | Check: Higher timeframe downtrend + PP/R1
[2026-05-30 23:21:27] 🔴 SELL ZONE - VIRTUAL/USDT 4h | RSI: 59.30 | Price: 0.7294 | Check: Higher timeframe downtrend + PP/R1
[2026-05-30 23:21:28] 🔴 SELL ZONE - XRP/USDT 5m | RSI: 52.04 | Price: 1.3492 | Check: Higher timeframe downtrend + PP/R1
[2026-05-30 23:21:29] 🔴 SELL ZONE - XRP/USDT 15m | RSI: 52.76 | Price: 1.3492 | Check: Higher timeframe downtrend + PP/R1
[2026-05-30 23:21:30] 🔴 SELL ZONE - XRP/USDT 1h | RSI: 56.23 | Price: 1.3492 | Check: Higher timeframe downtrend + PP/R1
[2026-05-30 23:22:34] 🔵 BUY ZONE - ADA/USDT 5m | RSI: 40.88 | Price: 0.237204 | Check: Higher timeframe uptrend + PP/S1
[2026-05-30 23:23:06] 🔵 BUY ZONE - ADA/USDT 5m | RSI: 40.88 | Price: 0.237204 | Check: Higher timeframe uptrend + PP/S1
[2026-05-30 23:23:07] 🔴 SELL ZONE - ADA/USDT 15m | RSI: 58.50 | Price: 0.237204 | Check: Higher timeframe downtrend + PP/R1
[2026-05-30 23:23:12] 🔴 SELL ZONE - AIXBT/USD 15m | RSI: 57.14 | Price: 0.0287 | Check: Higher timeframe downtrend + PP/R1
[2026-05-30 23:23:13] 🔵 BUY ZONE - AIXBT/USD 1h | RSI: 45.21 | Price: 0.0287 | Check: Higher timeframe uptrend + PP/S1
[2026-05-30 23:23:16] 🔴 SELL ZONE - ALGO/USDT 5m | RSI: 57.74 | Price: 0.12858 | Check: Higher timeframe downtrend + PP/R1
[2026-05-30 23:23:18] 🔴 SELL ZONE - ALGO/USDT 1h | RSI: 52.08 | Price: 0.12858 | Check: Higher timeframe downtrend + PP/R1
[2026-05-30 23:23:22] 🔴 SELL ZONE - APT/USD 15m | RSI: 57.23 | Price: 0.9448 | Check: Higher timeframe downtrend + PP/R1
[2026-05-30 23:23:23] 🔴 SELL ZONE - APT/USD 1h | RSI: 51.79 | Price: 0.9448 | Check: Higher timeframe downtrend + PP/R1
[2026-05-30 23:23:24] 🔴 SELL ZONE - APT/USD 4h | RSI: 59.68 | Price: 0.9448 | Check: Higher timeframe downtrend + PP/R1
[2026-05-30 23:23:27] 🔵 BUY ZONE - ARB/USD 15m | RSI: 44.44 | Price: 0.1046 | Check: Higher timeframe uptrend + PP/S1
[2026-05-30 23:23:28] 🔵 BUY ZONE - ARB/USD 1h | RSI: 48.39 | Price: 0.1046 | Check: Higher timeframe uptrend + PP/S1
[2026-05-30 23:23:29] 🔴 SELL ZONE - ARB/USD 4h | RSI: 59.85 | Price: 0.1046 | Check: Higher timeframe downtrend + PP/R1
[2026-05-30 23:23:32] 🔵 BUY ZONE - ASTER/USD 5m | RSI: 46.76 | Price: 0.75181 | Check: Higher timeframe uptrend + PP/S1
[2026-05-30 23:23:37] 🔴 SELL ZONE - ATOM/USDT 15m | RSI: 51.29 | Price: 2.0488 | Check: Higher timeframe downtrend + PP/R1
[2026-05-30 23:23:39] 🔴 SELL ZONE - ATOM/USDT 4h | RSI: 54.39 | Price: 2.0488 | Check: Higher timeframe downtrend + PP/R1
[2026-05-30 23:23:44] 🔴 SELL ZONE - AVAX/USDT 4h | RSI: 58.44 | Price: 8.98 | Check: Higher timeframe downtrend + PP/R1
[2026-05-30 23:23:50] 🔴 SELL ZONE - BNB/USDT 5m | RSI: 57.03 | Price: 719.91 | Check: Higher timeframe downtrend + PP/R1
[2026-05-30 23:23:54] 🔵 BUY ZONE - BONK/USD 5m | RSI: 43.18 | Price: 5.484e-06 | Check: Higher timeframe uptrend + PP/S1
[2026-05-30 23:23:56] 🔵 BUY ZONE - BONK/USD 15m | RSI: 43.12 | Price: 5.484e-06 | Check: Higher timeframe uptrend + PP/S1
[2026-05-30 23:23:57] 🔵 BUY ZONE - BONK/USD 1h | RSI: 42.78 | Price: 5.484e-06 | Check: Higher timeframe uptrend + PP/S1
[2026-05-30 23:23:59] 🔵 BUY ZONE - BTC/USDT 5m | RSI: 41.34 | Price: 73971.3 | Check: Higher timeframe uptrend + PP/S1
[2026-05-30 23:24:01] 🔴 SELL ZONE - BTC/USDT 15m | RSI: 53.67 | Price: 73971.3 | Check: Higher timeframe downtrend + PP/R1
[2026-05-30 23:24:05] 🔴 SELL ZONE - CRV/USD 15m | RSI: 54.76 | Price: 0.2163 | Check: Higher timeframe downtrend + PP/R1
[2026-05-30 23:24:07] 🔴 SELL ZONE - CRV/USD 1h | RSI: 58.54 | Price: 0.2163 | Check: Higher timeframe downtrend + PP/R1
[2026-05-30 23:24:13] 🔵 BUY ZONE - DOGE/USDT 15m | RSI: 42.44 | Price: 0.10129 | Check: Higher timeframe uptrend + PP/S1
[2026-05-30 23:24:13] 🔴 SELL ZONE - DOGE/USDT 1h | RSI: 50.29 | Price: 0.10129 | Check: Higher timeframe downtrend + PP/R1
[2026-05-30 23:24:17] 🔴 SELL ZONE - DOT/USDT 15m | RSI: 57.87 | Price: 1.1973 | Check: Higher timeframe downtrend + PP/R1
[2026-05-30 23:24:18] 🔵 BUY ZONE - DOT/USDT 1h | RSI: 43.41 | Price: 1.1973 | Check: Higher timeframe uptrend + PP/S1
[2026-05-30 23:24:19] 🔵 BUY ZONE - DOT/USDT 4h | RSI: 49.57 | Price: 1.1973 | Check: Higher timeframe uptrend + PP/S1
[2026-05-30 23:24:21] 🔵 BUY ZONE - ETC/USD 15m | RSI: 43.36 | Price: 8.237 | Check: Higher timeframe uptrend + PP/S1
[2026-05-30 23:24:23] 🔵 BUY ZONE - ETC/USD 1h | RSI: 42.92 | Price: 8.237 | Check: Higher timeframe uptrend + PP/S1
[2026-05-30 23:24:24] 🔴 SELL ZONE - ETC/USD 4h | RSI: 57.01 | Price: 8.237 | Check: Higher timeframe downtrend + PP/R1
[2026-05-30 23:24:26] 🔴 SELL ZONE - ETH/USDT 15m | RSI: 53.71 | Price: 2028.58 | Check: Higher timeframe downtrend + PP/R1
[2026-05-30 23:24:31] 🔵 BUY ZONE - FARTCOIN/USDT 15m | RSI: 42.86 | Price: 0.1616 | Check: Higher timeframe uptrend + PP/S1
[2026-05-30 23:24:32] 🔴 SELL ZONE - FARTCOIN/USDT 1h | RSI: 57.89 | Price: 0.1616 | Check: Higher timeframe downtrend + PP/R1
[2026-05-30 23:24:33] 🔴 SELL ZONE - FARTCOIN/USDT 4h | RSI: 55.95 | Price: 0.1616 | Check: Higher timeframe downtrend + PP/R1
[2026-05-30 23:24:36] 🔴 SELL ZONE - FIL/USD 15m | RSI: 58.06 | Price: 0.98 | Check: Higher timeframe downtrend + PP/R1
[2026-05-30 23:24:37] 🔴 SELL ZONE - FIL/USD 1h | RSI: 57.14 | Price: 0.98 | Check: Higher timeframe downtrend + PP/R1
[2026-05-30 23:24:51] 🔴 SELL ZONE - HBAR/USD 1h | RSI: 51.31 | Price: 0.09717 | Check: Higher timeframe downtrend + PP/R1
[2026-05-30 23:24:59] 🔵 BUY ZONE - INJ/USD 5m | RSI: 44.09 | Price: 6.648 | Check: Higher timeframe uptrend + PP/S1
[2026-05-30 23:25:01] 🔵 BUY ZONE - INJ/USD 1h | RSI: 42.20 | Price: 6.648 | Check: Higher timeframe uptrend + PP/S1
[2026-05-30 23:25:06] 🔴 SELL ZONE - IP/USD 1h | RSI: 56.31 | Price: 0.4391 | Check: Higher timeframe downtrend + PP/R1
[2026-05-30 23:25:07] 🔴 SELL ZONE - IP/USD 4h | RSI: 56.13 | Price: 0.4391 | Check: Higher timeframe downtrend + PP/R1
[2026-05-30 23:25:11] 🔴 SELL ZONE - JTO/USD 1h | RSI: 51.07 | Price: 0.53565 | Check: Higher timeframe downtrend + PP/R1
[2026-05-30 23:25:13] 🔵 BUY ZONE - JUP/USD 5m | RSI: 48.39 | Price: 0.18644 | Check: Higher timeframe uptrend + PP/S1
[2026-05-30 23:25:15] 🔵 BUY ZONE - JUP/USD 1h | RSI: 45.63 | Price: 0.18644 | Check: Higher timeframe uptrend + PP/S1
[2026-05-30 23:25:18] 🔴 SELL ZONE - KAITO/USD 5m | RSI: 54.55 | Price: 0.4575 | Check: Higher timeframe downtrend + PP/R1
[2026-05-30 23:25:20] 🔵 BUY ZONE - KAITO/USD 1h | RSI: 43.04 | Price: 0.4575 | Check: Higher timeframe uptrend + PP/S1
[2026-05-30 23:25:23] 🔵 BUY ZONE - LDO/USD 5m | RSI: 50.00 | Price: 0.325 | Check: Higher timeframe uptrend + PP/S1
[2026-05-30 23:25:26] 🔴 SELL ZONE - LDO/USD 4h | RSI: 56.82 | Price: 0.325 | Check: Higher timeframe downtrend + PP/R1
[2026-05-30 23:25:27] 🔵 BUY ZONE - LINK/USDT 5m | RSI: 48.56 | Price: 9.25624 | Check: Higher timeframe uptrend + PP/S1
[2026-05-30 23:25:39] 🔴 SELL ZONE - LTC/USDT 1h | RSI: 56.85 | Price: 52.53815 | Check: Higher timeframe downtrend + PP/R1
[2026-05-30 23:25:42] 🔵 BUY ZONE - MOODENG/USD 5m | RSI: 45.95 | Price: 0.05094 | Check: Higher timeframe uptrend + PP/S1
[2026-05-30 23:25:44] 🔴 SELL ZONE - MOODENG/USD 1h | RSI: 52.94 | Price: 0.05094 | Check: Higher timeframe downtrend + PP/R1
[2026-05-30 23:25:50] 🔴 SELL ZONE - NEAR/USD 4h | RSI: 51.00 | Price: 2.311 | Check: Higher timeframe downtrend + PP/R1
[2026-05-30 23:25:51] 🔴 SELL ZONE - ONDO/USD 5m | RSI: 53.69 | Price: 0.35699 | Check: Higher timeframe downtrend + PP/R1
[2026-05-30 23:25:55] 🔵 BUY ZONE - ONDO/USD 4h | RSI: 47.46 | Price: 0.35699 | Check: Higher timeframe uptrend + PP/S1
[2026-05-30 23:25:56] 🔵 BUY ZONE - OP/USD 5m | RSI: 43.75 | Price: 0.1215 | Check: Higher timeframe uptrend + PP/S1
[2026-05-30 23:25:57] 🔵 BUY ZONE - OP/USD 15m | RSI: 50.00 | Price: 0.1215 | Check: Higher timeframe uptrend + PP/S1
[2026-05-30 23:25:59] 🔴 SELL ZONE - OP/USD 1h | RSI: 54.24 | Price: 0.1215 | Check: Higher timeframe downtrend + PP/R1
[2026-05-30 23:26:02] 🔴 SELL ZONE - PENGU/USDT 15m | RSI: 55.56 | Price: 0.00805 | Check: Higher timeframe downtrend + PP/R1
[2026-05-30 23:26:03] 🔴 SELL ZONE - PENGU/USDT 1h | RSI: 56.85 | Price: 0.00805 | Check: Higher timeframe downtrend + PP/R1
[2026-05-30 23:26:07] 🔵 BUY ZONE - PEPE/USD 15m | RSI: 42.65 | Price: 3.431e-06 | Check: Higher timeframe uptrend + PP/S1
[2026-05-30 23:26:08] 🔴 SELL ZONE - PEPE/USD 1h | RSI: 57.14 | Price: 3.431e-06 | Check: Higher timeframe downtrend + PP/R1
[2026-05-30 23:26:11] 🔵 BUY ZONE - PNUT/USD 5m | RSI: 50.00 | Price: 0.0529 | Check: Higher timeframe uptrend + PP/S1
[2026-05-30 23:26:13] 🔴 SELL ZONE - PNUT/USD 1h | RSI: 58.33 | Price: 0.0529 | Check: Higher timeframe downtrend + PP/R1
[2026-05-30 23:26:14] 🔴 SELL ZONE - PNUT/USD 4h | RSI: 58.46 | Price: 0.0529 | Check: Higher timeframe downtrend + PP/R1
[2026-05-30 23:26:22] 🔵 BUY ZONE - POPCAT/USD 15m | RSI: 50.00 | Price: 0.0531 | Check: Higher timeframe uptrend + PP/S1
[2026-05-30 23:26:23] 🔵 BUY ZONE - POPCAT/USD 1h | RSI: 43.75 | Price: 0.0531 | Check: Higher timeframe uptrend + PP/S1
[2026-05-30 23:26:26] 🔴 SELL ZONE - PUMP/USD 5m | RSI: 52.00 | Price: 0.001797 | Check: Higher timeframe downtrend + PP/R1
[2026-05-30 23:26:27] 🔴 SELL ZONE - PUMP/USD 15m | RSI: 57.58 | Price: 0.001797 | Check: Higher timeframe downtrend + PP/R1
[2026-05-30 23:26:32] 🔵 BUY ZONE - RENDER/USD 5m | RSI: 42.62 | Price: 2.082 | Check: Higher timeframe uptrend + PP/S1
[2026-05-30 23:26:33] 🔵 BUY ZONE - RENDER/USD 15m | RSI: 50.00 | Price: 2.082 | Check: Higher timeframe uptrend + PP/S1
[2026-05-30 23:26:41] 🔴 SELL ZONE - S/USDT 4h | RSI: 57.69 | Price: 0.0406 | Check: Higher timeframe downtrend + PP/R1
[2026-05-30 23:26:47] 🔵 BUY ZONE - SOL/USDT 5m | RSI: 48.89 | Price: 82.98 | Check: Higher timeframe uptrend + PP/S1
[2026-05-30 23:26:48] 🔴 SELL ZONE - SOL/USDT 15m | RSI: 56.03 | Price: 82.98 | Check: Higher timeframe downtrend + PP/R1
[2026-05-30 23:26:52] 🔵 BUY ZONE - STX/USD 5m | RSI: 50.00 | Price: 0.2372 | Check: Higher timeframe uptrend + PP/S1
[2026-05-30 23:26:53] 🔵 BUY ZONE - STX/USD 15m | RSI: 46.34 | Price: 0.2372 | Check: Higher timeframe uptrend + PP/S1
[2026-05-30 23:26:56] 🔵 BUY ZONE - SUI/USD 5m | RSI: 46.11 | Price: 0.9108 | Check: Higher timeframe uptrend + PP/S1
[2026-05-30 23:26:57] 🔵 BUY ZONE - SUI/USD 15m | RSI: 50.00 | Price: 0.9108 | Check: Higher timeframe uptrend + PP/S1
[2026-05-30 23:27:00] 🔵 BUY ZONE - SUI/USD 4h | RSI: 46.95 | Price: 0.9108 | Check: Higher timeframe uptrend + PP/S1
[2026-05-30 23:27:01] 🔴 SELL ZONE - TAO/USD 5m | RSI: 54.23 | Price: 254.1782 | Check: Higher timeframe downtrend + PP/R1
[2026-05-30 23:36:07] 🔴 SELL ZONE - AAVE/USD 15m | RSI: 54.17 | Price: 83.32
[2026-05-30 23:36:12] 🔴 SELL ZONE - ADA/USDT 5m | RSI: 52.14 | Price: 0.237179
[2026-05-30 23:36:13] 🔴 SELL ZONE - ADA/USDT 15m | RSI: 56.28 | Price: 0.237179
[2026-05-30 23:36:19] 🔴 SELL ZONE - ATOM/USDT 15m | RSI: 51.29 | Price: 2.0488
[2026-05-30 23:36:21] 🔴 SELL ZONE - ATOM/USDT 4h | RSI: 54.39 | Price: 2.0488
[2026-05-30 23:36:27] 🔴 SELL ZONE - AVAX/USDT 4h | RSI: 58.44 | Price: 8.98
[2026-05-30 23:36:35] 🔴 SELL ZONE - BNB/USDT 5m | RSI: 50.47 | Price: 720.29
[2026-05-30 23:36:43] 🔵 BUY ZONE - BONK/USD 15m | RSI: 43.40 | Price: 5.483e-06
[2026-05-30 23:36:44] 🔵 BUY ZONE - BONK/USD 1h | RSI: 42.47 | Price: 5.483e-06
[2026-05-30 23:36:47] 🔵 BUY ZONE - BTC/USDT 5m | RSI: 40.78 | Price: 73944.5
[2026-05-30 23:36:49] 🔴 SELL ZONE - BTC/USDT 15m | RSI: 53.99 | Price: 73944.5
[2026-05-30 23:36:54] 🔵 BUY ZONE - CRV/USD 5m | RSI: 46.67 | Price: 0.2162
[2026-05-30 23:36:56] 🔵 BUY ZONE - CRV/USD 15m | RSI: 44.44 | Price: 0.2162
[2026-05-30 23:36:59] 🔴 SELL ZONE - CRV/USD 1h | RSI: 57.14 | Price: 0.2162
[2026-05-30 23:37:03] 🔵 BUY ZONE - DOGE/USDT 15m | RSI: 47.40 | Price: 0.10129
[2026-05-30 23:37:04] 🔴 SELL ZONE - DOGE/USDT 1h | RSI: 50.29 | Price: 0.10129
[2026-05-30 23:37:09] 🔵 BUY ZONE - DOT/USDT 15m | RSI: 42.11 | Price: 1.1973
[2026-05-30 23:37:10] 🔵 BUY ZONE - DOT/USDT 1h | RSI: 43.41 | Price: 1.1973
[2026-05-30 23:37:11] 🔵 BUY ZONE - DOT/USDT 4h | RSI: 49.57 | Price: 1.1973
[2026-05-30 23:37:16] 🔵 BUY ZONE - ETC/USD 15m | RSI: 43.36 | Price: 8.237
[2026-05-30 23:37:16] 🔵 BUY ZONE - ETC/USD 1h | RSI: 42.92 | Price: 8.237
[2026-05-30 23:37:17] 🔴 SELL ZONE - ETC/USD 4h | RSI: 57.01 | Price: 8.237
[2026-05-30 23:37:21] 🔴 SELL ZONE - ETH/USDT 15m | RSI: 54.10 | Price: 2027.68
[2026-05-30 23:37:26] 🔴 SELL ZONE - LIT/USD 5m | RSI: 57.59 | Price: 0.1184
[2026-05-30 23:37:34] 🔴 SELL ZONE - LTC/USDT 1h | RSI: 56.85 | Price: 52.53815
[2026-05-30 23:37:38] 🔴 SELL ZONE - RENDER/USD 5m | RSI: 58.18 | Price: 2.086
[2026-05-30 23:37:39] 🔴 SELL ZONE - RENDER/USD 15m | RSI: 58.00 | Price: 2.086
[2026-05-30 23:37:44] 🔵 BUY ZONE - STX/USD 5m | RSI: 46.67 | Price: 0.2375
[2026-05-30 23:37:45] 🔵 BUY ZONE - STX/USD 15m | RSI: 48.84 | Price: 0.2375
[2026-05-30 23:37:46] 🔵 BUY ZONE - STX/USD 1h | RSI: 40.74 | Price: 0.2375
[2026-05-30 23:37:50] 🔴 SELL ZONE - SUI/USD 5m | RSI: 51.14 | Price: 0.91
[2026-05-30 23:37:51] 🔴 SELL ZONE - SUI/USD 15m | RSI: 54.02 | Price: 0.9099
[2026-05-30 23:37:54] 🔵 BUY ZONE - SUI/USD 4h | RSI: 46.42 | Price: 0.9099
[2026-05-30 23:37:59] 🔵 BUY ZONE - TRX/USD 4h | RSI: 44.94 | Price: 0.346717
[2026-05-30 23:39:15] 🔵 BUY ZONE - AVAX/USDT 5m | RSI: 50.00 | Price: 8.99
[2026-05-30 23:40:00] 🔴 SELL ZONE - ETH/USDT 5m | RSI: 59.72 | Price: 2026.82
[2026-05-30 23:40:04] 🔵 BUY ZONE - LIT/USD 5m | RSI: 44.12 | Price: 0.1184
[2026-05-30 23:41:34] 🔴 SELL ZONE - AAVE/USD 5m | RSI: 57.63 | Price: 83.29
[2026-05-30 23:41:39] 🔵 BUY ZONE - ADA/USDT 5m | RSI: 49.09 | Price: 0.237179
[2026-05-30 23:42:43] 🔴 SELL ZONE - LIT/USD 15m | RSI: 56.23 | Price: 0.1155
[2026-05-30 23:43:01] 🔵 BUY ZONE - SUI/USD 5m | RSI: 49.11 | Price: 0.9083
[2026-05-30 23:43:02] 🔵 BUY ZONE - SUI/USD 15m | RSI: 49.47 | Price: 0.9083
[2026-05-30 23:43:06] 🔵 BUY ZONE - TRX/USD 5m | RSI: 42.29 | Price: 0.346685
[2026-05-30 23:59:40] 🔴 SELL ZONE - AAVE/USD 5m | RSI: 54.17 | Price: 83.3
[2026-05-30 23:59:49] 🔴 SELL ZONE - AAVE/USD 15m | RSI: 51.67 | Price: 83.3
[2026-05-31 00:00:02] 🔴 SELL ZONE - ATOM/USDT 15m | RSI: 51.29 | Price: 2.0488
[2026-05-31 00:00:03] 🔴 SELL ZONE - ATOM/USDT 1h | RSI: 59.92 | Price: 2.0488
[2026-05-31 00:00:05] 🔴 SELL ZONE - ATOM/USDT 4h | RSI: 54.39 | Price: 2.0488
[2026-05-31 00:00:11] 🔴 SELL ZONE - AVAX/USDT 4h | RSI: 58.97 | Price: 8.99
[2026-05-31 00:00:13] 🔴 SELL ZONE - BCH/USDT 5m | RSI: 53.76 | Price: 306.99
[2026-05-31 00:00:25] 🔴 SELL ZONE - BONK/USD 5m | RSI: 57.14 | Price: 5.482e-06
[2026-05-31 00:00:26] 🔴 SELL ZONE - BONK/USD 15m | RSI: 51.52 | Price: 5.482e-06
[2026-05-31 00:00:27] 🔵 BUY ZONE - BONK/USD 1h | RSI: 44.07 | Price: 5.482e-06
[2026-05-31 00:00:32] 🔴 SELL ZONE - BTC/USDT 15m | RSI: 54.83 | Price: 73969.6
[2026-05-31 00:00:39] 🔴 SELL ZONE - CRV/USD 15m | RSI: 58.06 | Price: 0.2165
[2026-05-31 00:00:45] 🔴 SELL ZONE - DOGE/USDT 15m | RSI: 51.64 | Price: 0.10129
[2026-05-31 00:00:46] 🔴 SELL ZONE - DOGE/USDT 1h | RSI: 52.41 | Price: 0.10129
[2026-05-31 00:00:51] 🔴 SELL ZONE - DOT/USDT 1h | RSI: 52.26 | Price: 1.1984
[2026-05-31 00:00:54] 🔵 BUY ZONE - DOT/USDT 4h | RSI: 50.00 | Price: 1.1984
[2026-05-31 00:01:03] 🔵 BUY ZONE - ETC/USD 1h | RSI: 49.55 | Price: 8.242
[2026-05-31 00:01:04] 🔴 SELL ZONE - ETC/USD 4h | RSI: 57.30 | Price: 8.242
[2026-05-31 00:01:13] 🔴 SELL ZONE - LIT/USD 15m | RSI: 57.56 | Price: 0.1144
[2026-05-31 00:01:20] 🔴 SELL ZONE - LTC/USDT 1h | RSI: 59.63 | Price: 52.56315
[2026-05-31 00:01:31] 🔴 SELL ZONE - STX/USD 15m | RSI: 52.94 | Price: 0.2372
[2026-05-31 00:01:32] 🔵 BUY ZONE - STX/USD 1h | RSI: 45.56 | Price: 0.2372
[2026-05-31 00:01:36] 🔵 BUY ZONE - SUI/USD 5m | RSI: 41.09 | Price: 0.9086
[2026-05-31 00:01:37] 🔴 SELL ZONE - SUI/USD 15m | RSI: 53.85 | Price: 0.9086
[2026-05-31 00:01:40] 🔵 BUY ZONE - SUI/USD 4h | RSI: 45.65 | Price: 0.9086
[2026-05-31 00:01:42] 🔵 BUY ZONE - TRX/USD 5m | RSI: 43.25 | Price: 0.346957
[2026-05-31 00:01:46] 🔵 BUY ZONE - TRX/USD 4h | RSI: 45.30 | Price: 0.346957
[2026-05-31 00:02:53] 🔴 SELL ZONE - ADA/USDT 5m | RSI: 54.40 | Price: 0.237765
[2026-05-31 00:06:30] 🔵 BUY ZONE - BTC/USDT 5m | RSI: 40.46 | Price: 73980.0
[2026-05-31 00:07:08] 🔵 BUY ZONE - LIT/USD 5m | RSI: 44.50 | Price: 0.1166
[2026-05-31 00:07:32] 🔴 SELL ZONE - TRX/USD 5m | RSI: 52.97 | Price: 0.347071
[2026-05-31 00:13:05] 🔴 SELL ZONE - AAVE/USD 5m | RSI: 52.63 | Price: 83.33
[2026-05-31 00:13:22] 🔵 BUY ZONE - ATOM/USDT 4h | RSI: 46.65 | Price: 2.034
[2026-05-31 00:13:31] 🔴 SELL ZONE - BCH/USDT 15m | RSI: 53.76 | Price: 306.99
[2026-05-31 00:13:36] 🔴 SELL ZONE - BCH/USDT 1h | RSI: 56.49 | Price: 306.99
[2026-05-31 00:13:40] 🔵 BUY ZONE - BNB/USDT 15m | RSI: 42.87 | Price: 718.36
[2026-05-31 00:13:45] 🔵 BUY ZONE - BONK/USD 5m | RSI: 47.06 | Price: 5.482e-06
[2026-05-31 00:13:46] 🔴 SELL ZONE - BONK/USD 15m | RSI: 57.69 | Price: 5.482e-06
[2026-05-31 00:13:49] 🔴 SELL ZONE - BONK/USD 4h | RSI: 58.68 | Price: 5.482e-06
[2026-05-31 00:13:51] 🔴 SELL ZONE - BTC/USDT 5m | RSI: 57.41 | Price: 73971.6
[2026-05-31 00:13:53] 🔴 SELL ZONE - BTC/USDT 1h | RSI: 58.36 | Price: 73974.9
[2026-05-31 00:13:58] 🔴 SELL ZONE - CRV/USD 15m | RSI: 54.55 | Price: 0.2164
[2026-05-31 00:14:00] 🔴 SELL ZONE - CRV/USD 1h | RSI: 52.00 | Price: 0.2164
[2026-05-31 00:14:05] 🔴 SELL ZONE - DOGE/USDT 1h | RSI: 55.93 | Price: 0.10132
[2026-05-31 00:14:12] 🔴 SELL ZONE - DOT/USDT 4h | RSI: 57.96 | Price: 1.2016
[2026-05-31 00:14:15] 🔵 BUY ZONE - ETC/USD 5m | RSI: 50.00 | Price: 8.242
[2026-05-31 00:14:18] 🔵 BUY ZONE - ETC/USD 1h | RSI: 43.56 | Price: 8.242
[2026-05-31 00:14:27] 🔵 BUY ZONE - LIT/USD 5m | RSI: 44.44 | Price: 0.1176
[2026-05-31 00:14:28] 🔴 SELL ZONE - LIT/USD 15m | RSI: 56.02 | Price: 0.1176
[2026-05-31 00:14:29] 🔴 SELL ZONE - LIT/USD 1h | RSI: 60.00 | Price: 0.1176
[2026-05-31 00:14:32] 🔴 SELL ZONE - LIT/USD 4h | RSI: 50.57 | Price: 0.1176
[2026-05-31 00:14:39] 🔴 SELL ZONE - LTC/USDT 1h | RSI: 52.67 | Price: 52.57284
[2026-05-31 00:14:48] 🔵 BUY ZONE - STX/USD 5m | RSI: 50.00 | Price: 0.2375
[2026-05-31 00:14:48] 🔵 BUY ZONE - STX/USD 15m | RSI: 47.62 | Price: 0.2375
[2026-05-31 00:14:54] 🔴 SELL ZONE - SUI/USD 15m | RSI: 59.04 | Price: 0.9111
[2026-05-31 00:16:29] 🔴 SELL ZONE - BNB/USDT 15m | RSI: 59.03 | Price: 718.36
[2026-05-31 00:16:33] 🔴 SELL ZONE - BONK/USD 5m | RSI: 53.33 | Price: 5.478e-06
[2026-05-31 00:16:39] 🔵 BUY ZONE - BTC/USDT 15m | RSI: 47.26 | Price: 73996.7
[2026-05-31 00:16:49] 🔵 BUY ZONE - CRV/USD 5m | RSI: 50.00 | Price: 0.2164
[2026-05-31 00:17:04] 🔴 SELL ZONE - ETC/USD 5m | RSI: 57.14 | Price: 8.242
[2026-05-31 00:17:15] 🔵 BUY ZONE - LIT/USD 15m | RSI: 46.33 | Price: 0.1181
[2026-05-31 00:17:33] 🔴 SELL ZONE - SUI/USD 5m | RSI: 59.65 | Price: 0.9098
[2026-05-31 00:17:38] 🔴 SELL ZONE - TRX/USD 5m | RSI: 55.39 | Price: 0.346824
[2026-05-31 00:20:45] 🔵 BUY ZONE - TRX/USD 5m | RSI: 48.76 | Price: 0.346849
[2026-05-31 00:21:17] 🔵 BUY ZONE - AIXBT/USD 1h | RSI: 40.68 | Price: 0.02853
[2026-05-31 00:21:20] 🔴 SELL ZONE - ALGO/USDT 5m | RSI: 52.56 | Price: 0.1274
[2026-05-31 00:21:22] 🔵 BUY ZONE - ALGO/USDT 15m | RSI: 40.71 | Price: 0.1274
[2026-05-31 00:21:36] 🔴 SELL ZONE - APT/USD 1h | RSI: 57.14 | Price: 0.9455
[2026-05-31 00:21:51] 🔵 BUY ZONE - ARB/USD 1h | RSI: 41.18 | Price: 0.1049
[2026-05-31 00:22:04] 🔵 BUY ZONE - ATOM/USDT 4h | RSI: 46.65 | Price: 2.034
[2026-05-31 00:22:13] 🔴 SELL ZONE - BCH/USDT 15m | RSI: 53.76 | Price: 306.99
[2026-05-31 00:22:14] 🔴 SELL ZONE - BCH/USDT 1h | RSI: 56.49 | Price: 306.99
[2026-05-31 00:22:24] 🔵 BUY ZONE - BONK/USD 5m | RSI: 41.67 | Price: 5.478e-06
[2026-05-31 00:22:28] 🔴 SELL ZONE - BONK/USD 4h | RSI: 57.58 | Price: 5.478e-06
[2026-05-31 00:22:31] 🔵 BUY ZONE - BTC/USDT 15m | RSI: 44.56 | Price: 73988.0
[2026-05-31 00:22:36] 🔵 BUY ZONE - CRV/USD 5m | RSI: 50.00 | Price: 0.2164
[2026-05-31 00:22:38] 🔴 SELL ZONE - CRV/USD 1h | RSI: 52.00 | Price: 0.2164
[2026-05-31 00:22:46] 🔴 SELL ZONE - DOGE/USDT 1h | RSI: 55.93 | Price: 0.10132
[2026-05-31 00:22:57] 🔴 SELL ZONE - DOT/USDT 4h | RSI: 57.96 | Price: 1.2016
[2026-05-31 00:22:58] 🔴 SELL ZONE - ETC/USD 5m | RSI: 57.14 | Price: 8.242
[2026-05-31 00:23:04] 🔵 BUY ZONE - ETC/USD 1h | RSI: 43.56 | Price: 8.242
[2026-05-31 00:23:17] 🔴 SELL ZONE - FARTCOIN/USDT 1h | RSI: 60.00 | Price: 0.1625
[2026-05-31 00:23:19] 🔴 SELL ZONE - FARTCOIN/USDT 4h | RSI: 55.71 | Price: 0.1625
[2026-05-31 00:23:34] 🔵 BUY ZONE - GRASS/USD 15m | RSI: 46.46 | Price: 0.5082
[2026-05-31 00:23:55] 🔵 BUY ZONE - HYPE/USD 15m | RSI: 47.40 | Price: 67.65
[2026-05-31 00:23:56] 🔵 BUY ZONE - HYPE/USD 1h | RSI: 44.59 | Price: 67.65
[2026-05-31 00:30:48] 🔵 BUY ZONE - BTC/USDT 15m | RSI: 44.48 | Price: 73997.1 | 📍 At R1 (0.48%)
[2026-05-31 00:31:04] 🔴 SELL ZONE - DOT/USDT 4h | RSI: 59.37 | Price: 1.203 | 📍 At PP (0.11%)
[2026-05-31 00:35:29] 🔴 SELL ZONE - BTC/USDT 5m | RSI: 56.15 | Price: 73988.3 | 📍 At R1 (0.50%)
[2026-05-31 00:43:50] 🔴 SELL ZONE - BTC/USDT 15m | RSI: 51.57 | Price: 74024.5 | 📍 At R1 (0.45%)
[2026-05-31 00:44:29] 🔴 SELL ZONE - BTC/USDT 15m | RSI: 58.34 | Price: 74056.1 | 📍 At R1 (0.40%)
[2026-05-31 00:44:45] 🔴 SELL ZONE - DOT/USDT 4h | RSI: 59.08 | Price: 1.2027 | 📍 At PP (0.08%)
[2026-05-31 00:45:54] 🔴 SELL ZONE - BTC/USDT 5m | RSI: 57.51 | Price: 74002.9 | 📍 At R1 (0.48%)
[2026-05-31 00:50:09] 🔴 SELL ZONE - DOT/USDT 4h | RSI: 59.08 | Price: 1.2027 | 📍 At PP (0.08%)
[2026-05-31 01:01:01] 🔴 SELL ZONE - ADA/USDT 15m | RSI: 50.28 | Price: 0.237269 | 📍 At R1 (0.33%)
[2026-05-31 01:01:02] 🔴 SELL ZONE - ADA/USDT 1h | RSI: 55.79 | Price: 0.237269 | 📍 At R1 (0.33%)
[2026-05-31 01:01:15] 🔴 SELL ZONE - DOT/USDT 15m | RSI: 50.89 | Price: 1.1975 | 📍 At PP (0.35%)
[2026-05-31 01:01:17] 🔴 SELL ZONE - DOT/USDT 1h | RSI: 59.80 | Price: 1.1975 | 📍 At PP (0.35%)
[2026-05-31 01:02:24] 🔵 BUY ZONE - ADA/USDT 15m | RSI: 44.56 | Price: 0.236966 | 📍 At R1 (0.20%)
[2026-05-31 01:05:37] 🔵 BUY ZONE - ADA/USDT 15m | RSI: 44.21 | Price: 0.236945 | 📍 At R1 (0.19%)
[2026-05-31 01:05:38] 🔴 SELL ZONE - ADA/USDT 1h | RSI: 51.42 | Price: 0.236945 | 📍 At R1 (0.19%)
[2026-05-31 01:09:14] 🔵 BUY ZONE - ADA/USDT 15m | RSI: 47.05 | Price: 0.237107 | 📍 At R1 (0.26%)
[2026-05-31 01:09:15] 🔴 SELL ZONE - ADA/USDT 1h | RSI: 53.52 | Price: 0.237107 | 📍 At R1 (0.26%)
[2026-05-31 01:10:00] 🔵 BUY ZONE - ATOM/USDT 4h | RSI: 47.30 | Price: 2.0359 | 📍 At PP (0.42%)
[2026-05-31 01:10:13] 🔵 BUY ZONE - BCH/USDT 4h | RSI: 46.92 | Price: 303.39 | 📍 At PP (0.17%)
[2026-05-31 01:10:26] 🔵 BUY ZONE - BONK/USD 4h | RSI: 48.47 | Price: 5.447e-06 | 📍 At PP (0.06%)
[2026-05-31 01:10:37] 🔵 BUY ZONE - CRV/USD 5m | RSI: 40.00 | Price: 0.2165 | 📍 At R1 (0.15%)
[2026-05-31 01:11:14] 🔵 BUY ZONE - FARTCOIN/USDT 1h | RSI: 43.40 | Price: 0.1606 | 📍 At PP (0.00%)
[2026-05-31 01:11:15] 🔵 BUY ZONE - FARTCOIN/USDT 4h | RSI: 42.86 | Price: 0.1606 | 📍 At PP (0.00%)
[2026-05-31 01:12:04] 🔵 BUY ZONE - IP/USD 1h | RSI: 48.39 | Price: 0.4328 | 📍 At PP (0.41%)
[2026-05-31 01:12:06] 🔵 BUY ZONE - IP/USD 4h | RSI: 42.86 | Price: 0.4328 | 📍 At PP (0.41%)
[2026-05-31 01:12:55] 🔴 SELL ZONE - LTC/USDT 1h | RSI: 53.08 | Price: 52.45554 | 📍 At R1 (0.13%)
[2026-05-31 01:13:45] 🔵 BUY ZONE - PNUT/USD 4h | RSI: 47.50 | Price: 0.0523 | 📍 At PP (0.00%)
[2026-05-31 01:14:41] 🔴 SELL ZONE - STX/USD 4h | RSI: 55.81 | Price: 0.2361 | 📍 At PP (0.49%)
[2026-05-31 01:14:47] 🔵 BUY ZONE - SUI/USD 1h | RSI: 41.30 | Price: 0.9068 | 📍 At PP (0.43%)
[2026-05-31 01:14:48] 🔴 SELL ZONE - SUI/USD 4h | RSI: 55.30 | Price: 0.9068 | 📍 At PP (0.43%)
[2026-05-31 01:14:53] 🔵 BUY ZONE - TAO/USD 15m | RSI: 46.24 | Price: 253.7699 | 📍 At PP (0.34%)
[2026-05-31 01:14:54] 🔵 BUY ZONE - TAO/USD 1h | RSI: 45.91 | Price: 253.7699 | 📍 At PP (0.34%)
[2026-05-31 01:15:23] 🔴 SELL ZONE - TRX/USD 15m | RSI: 50.16 | Price: 0.346761 | 📍 At PP (0.43%)
[2026-05-31 01:15:23] 🔵 BUY ZONE - TRX/USD 1h | RSI: 42.60 | Price: 0.346761 | 📍 At PP (0.43%)
[2026-05-31 01:15:37] 🔵 BUY ZONE - VIRTUAL/USDT 1h | RSI: 41.25 | Price: 0.722 | 📍 At PP (0.24%)
[2026-05-31 01:15:38] 🔴 SELL ZONE - VIRTUAL/USDT 4h | RSI: 51.80 | Price: 0.722 | 📍 At PP (0.24%)
[2026-05-31 01:16:05] 🔵 BUY ZONE - XRP/USDT 15m | RSI: 40.22 | Price: 1.3455 | 📍 At R1 (0.19%)
[2026-05-31 01:16:06] 🔴 SELL ZONE - XRP/USDT 1h | RSI: 57.42 | Price: 1.34562 | 📍 At R1 (0.20%)
[2026-05-31 01:17:49] 🔵 BUY ZONE - CRV/USD 1h | RSI: 41.94 | Price: 0.2153 | 📍 At R1 (0.40%)
[2026-05-31 01:18:37] 🔵 BUY ZONE - HYPE/USD 5m | RSI: 48.04 | Price: 67.56 | 📍 At R1 (0.39%)
[2026-05-31 01:20:38] 🔵 BUY ZONE - SUI/USD 15m | RSI: 42.73 | Price: 0.9071 | 📍 At PP (0.40%)
[2026-05-31 01:22:18] 🔵 BUY ZONE - ADA/USDT 1h | RSI: 47.90 | Price: 0.23664 | 📍 At R1 (0.07%)
[2026-05-31 01:23:30] 🔴 SELL ZONE - ETC/USD 4h | RSI: 56.89 | Price: 8.2 | 📍 At PP (0.36%)
[2026-05-31 01:24:45] 🔵 BUY ZONE - LTC/USDT 15m | RSI: 46.83 | Price: 52.51297 | 📍 At R1 (0.24%)
[2026-05-31 01:26:10] 🔵 BUY ZONE - TAO/USD 1h | RSI: 44.67 | Price: 253.6169 | 📍 At PP (0.28%)
[2026-05-31 01:30:11] 🔴 SELL ZONE - LTC/USDT 1h | RSI: 52.38 | Price: 52.45024 | 📍 At R1 (0.12%)
[2026-05-31 01:33:40] 🔵 BUY ZONE - AVAX/USDT 1h | RSI: 50.00 | Price: 8.96 | 📍 At R1 (0.41%)
[2026-05-31 01:36:57] 🔵 BUY ZONE - TAO/USD 15m | RSI: 42.13 | Price: 253.9865 | 📍 At PP (0.42%)
[2026-05-31 01:37:19] 🔴 SELL ZONE - TRX/USD 5m | RSI: 58.88 | Price: 0.346945 | 📍 At PP (0.49%)
[2026-05-31 01:38:54] 🔵 BUY ZONE - ARB/USD 4h | RSI: 49.06 | Price: 0.1033 | 📍 At PP (0.03%)
[2026-05-31 01:40:06] 🔵 BUY ZONE - FLOKI/USD 1h | RSI: 46.72 | Price: 2.804e-05 | 📍 At R1 (0.11%)
[2026-05-31 01:41:03] 🔵 BUY ZONE - LTC/USDT 1h | RSI: 45.60 | Price: 52.39041 | 📍 At R1 (0.00%)
[2026-05-31 01:42:44] 🔵 BUY ZONE - TRX/USD 15m | RSI: 43.98 | Price: 0.346814 | 📍 At PP (0.45%)
[2026-05-31 01:42:56] 🔵 BUY ZONE - VIRTUAL/USDT 4h | RSI: 48.23 | Price: 0.7185 | 📍 At PP (0.24%)
[2026-05-31 01:43:14] 🔵 BUY ZONE - XRP/USDT 1h | RSI: 45.73 | Price: 1.34002 | 📍 At R1 (0.21%)
[2026-05-31 01:47:45] 🔵 BUY ZONE - TAO/USD 5m | RSI: 44.65 | Price: 253.4595 | 📍 At PP (0.21%)
[2026-05-31 01:55:36] 🔵 BUY ZONE - XRP/USDT 5m | RSI: 40.48 | Price: 1.3422 | 📍 At R1 (0.16%)
[2026-05-31 01:55:37] 🔵 BUY ZONE - XRP/USDT 1h | RSI: 49.42 | Price: 1.3421 | 📍 At R1 (0.17%)
[2026-05-31 01:57:53] 🔴 SELL ZONE - XAG/USDT:USDT 1h | RSI: 55.56 | Price: 75.41 | 📍 At PP (0.28%)
